[debug] [2025-05-28T16:42:35.672Z] ----------------------------------------------------------------------
[debug] [2025-05-28T16:42:35.673Z] Command:       D:\node.exe C:\Users\User\AppData\Roaming\npm\node_modules\firebase-tools\lib\bin\firebase.js init
[debug] [2025-05-28T16:42:35.674Z] CLI Version:   14.4.0
[debug] [2025-05-28T16:42:35.674Z] Platform:      win32
[debug] [2025-05-28T16:42:35.674Z] Node Version:  v22.12.0
[debug] [2025-05-28T16:42:35.674Z] Time:          Wed May 28 2025 23:42:35 GMT+0700 (Indochina Time)
[debug] [2025-05-28T16:42:35.674Z] ----------------------------------------------------------------------
[debug] 
[debug] [2025-05-28T16:42:35.799Z] > command requires scopes: ["email","openid","https://www.googleapis.com/auth/cloudplatformprojects.readonly","https://www.googleapis.com/auth/firebase","https://www.googleapis.com/auth/cloud-platform"]
[debug] [2025-05-28T16:42:35.800Z] > authorizing via signed-in user (saovisal12192005@gmail.com)
[info] 
     ######## #### ########  ######## ########     ###     ######  ########
     ##        ##  ##     ## ##       ##     ##  ##   ##  ##       ##
     ######    ##  ########  ######   ########  #########  ######  ######
     ##        ##  ##    ##  ##       ##     ## ##     ##       ## ##
     ##       #### ##     ## ######## ########  ##     ##  ######  ########

You're about to initialize a Firebase project in this directory:

  D:\coding\anki-clone\anki-clone

Before we get started, keep in mind:

  * You are initializing within an existing Firebase project directory

[debug] [2025-05-28T17:05:23.021Z] ExitPromptError: User force closed the prompt with SIGINT
    at Interface.sigint (C:\Users\User\AppData\Roaming\npm\node_modules\firebase-tools\node_modules\@inquirer\core\dist\commonjs\lib\create-prompt.js:101:37)
    at Interface.emit (node:events:524:28)
    at Interface.emit (node:domain:489:12)
    at [_ttyWrite] [as _ttyWrite] (node:internal/readline/interface:1124:18)
    at ReadStream.onkeypress (node:internal/readline/interface:263:20)
    at ReadStream.emit (node:events:536:35)
    at ReadStream.emit (node:domain:489:12)
    at emitKeys (node:internal/readline/utils:370:14)
    at emitKeys.next (<anonymous>)
    at ReadStream.onData (node:internal/readline/emitKeypressEvents:64:36)
[error] 
[error] Error: An unexpected error has occurred.
